2025-05-05 15:51:44,777 - INFO - Starting invoice generation process.
2025-05-05 15:53:02,556 - INFO - Invoice data collected successfully.
2025-05-05 15:53:02,648 - INFO - Invoice totals calculated successfully.
2025-05-05 15:53:02,697 - INFO - Invoice PDF generated successfully.
2025-05-05 15:53:02,699 - INFO - Invoice generation process completed successfully.
2025-05-05 16:03:47,635 - INFO - Starting invoice generation process.
2025-05-05 16:04:11,374 - INFO - Invoice data collected successfully.
2025-05-05 16:04:11,374 - INFO - Invoice totals calculated successfully.
2025-05-05 16:04:11,381 - INFO - Invoice PDF generated successfully.
2025-05-05 16:04:11,381 - INFO - Invoice generation process completed successfully.
2025-05-05 16:12:00,563 - INFO - Starting invoice generation process.
2025-05-05 16:12:22,482 - INFO - Invoice data collected successfully.
2025-05-05 16:12:22,482 - INFO - Invoice totals calculated successfully.
2025-05-05 16:12:22,808 - INFO - Invoice PDF generated successfully.
2025-05-05 16:12:22,810 - INFO - Invoice generation process completed successfully.
2025-05-05 16:33:10,558 - INFO - Starting invoice generation process.
2025-05-05 16:33:35,716 - INFO - Invoice data collected successfully.
2025-05-05 16:33:35,716 - INFO - Invoice totals calculated successfully.
2025-05-05 16:34:30,176 - INFO - Invoice PDF generated successfully.
2025-05-05 16:34:30,176 - INFO - Invoice generation process completed successfully.
2025-05-05 16:51:40,351 - INFO - Starting invoice generation process.
2025-05-05 16:51:57,968 - INFO - Invoice data collected successfully.
2025-05-05 16:51:57,969 - INFO - Invoice totals calculated successfully.
2025-05-05 16:51:57,973 - INFO - Data saved to INV-20250505165140.json successfully.
2025-05-05 16:52:04,598 - INFO - Invoice PDF generated successfully.
2025-05-05 16:52:04,598 - INFO - Invoice generation process completed successfully.
2025-05-05 16:56:28,631 - INFO - Starting invoice generation process.
2025-05-05 16:56:53,915 - INFO - Invoice data collected successfully.
2025-05-05 16:56:53,915 - INFO - Invoice totals calculated successfully.
2025-05-05 16:56:53,925 - INFO - Data saved to INV-20250505165628.json successfully.
2025-05-05 16:56:57,957 - INFO - Invoice PDF generated successfully.
2025-05-05 16:56:57,961 - INFO - Invoice generation process completed successfully.
2025-05-05 17:01:57,073 - INFO - Starting invoice generation process.
2025-05-05 17:02:40,457 - INFO - Invoice data collected successfully.
2025-05-05 17:02:40,458 - INFO - Invoice totals calculated successfully.
2025-05-05 17:02:40,459 - INFO - Invoice data added to invoices.json successfully.
2025-05-05 17:02:43,674 - INFO - Invoice PDF generated successfully.
2025-05-05 17:02:43,675 - INFO - Invoice generation process completed successfully.
2025-05-05 17:02:52,754 - INFO - Starting invoice generation process.
2025-05-05 17:03:02,317 - INFO - Invoice data collected successfully.
2025-05-05 17:03:02,317 - INFO - Invoice totals calculated successfully.
2025-05-05 17:03:11,944 - INFO - Invoice data added to invoices.json successfully.
2025-05-05 17:03:13,242 - INFO - Invoice PDF generated successfully.
2025-05-05 17:03:13,243 - INFO - Invoice generation process completed successfully.
